This file contains any messages produced by compilers while
running configure, to aid debugging if configure makes a mistake.

It was created by configure, which was
generated by GNU Autoconf 2.64.  Invocation command line was

  $ ../configure 

## --------- ##
## Platform. ##
## --------- ##

hostname = bogon
uname -m = x86_64
uname -r = 17.3.0
uname -s = Darwin
uname -v = Darwin Kernel Version 17.3.0: Thu Nov  9 18:09:22 PST 2017; root:xnu-4570.31.3~1/RELEASE_X86_64

/usr/bin/uname -p = i386
/bin/uname -X     = unknown

/bin/arch              = unknown
/usr/bin/arch -k       = unknown
/usr/convex/getsysinfo = unknown
/usr/bin/hostinfo      = Mach kernel version:
	 Darwin Kernel Version 17.3.0: Thu Nov  9 18:09:22 PST 2017; root:xnu-4570.31.3~1/RELEASE_X86_64
Kernel configured for up to 4 processors.
2 processors are physically available.
4 processors are logically available.
Processor type: x86_64h (Intel x86-64h Haswell)
Processors active: 0 1 2 3
Primary memory available: 4.00 gigabytes
Default processor set: 249 tasks, 1177 threads, 4 processors
Load average: 1.99, Mach factor: 2.02
/bin/machine           = unknown
/usr/bin/oslevel       = unknown
/bin/universe          = unknown

PATH: /usr/local/bin
PATH: /usr/bin
PATH: /bin
PATH: /usr/sbin
PATH: /sbin
PATH: /opt/X11/bin
PATH: /Applications/Emacs.app/Contents/MacOS/bin-x86_64-10_9
PATH: /Applications/Emacs.app/Contents/MacOS/libexec-x86_64-10_9


## ----------- ##
## Core tests. ##
## ----------- ##

configure:2317: checking build system type
configure:2331: result: x86_64-apple-darwin17.3.0
configure:2378: checking host system type
configure:2391: result: x86_64-apple-darwin17.3.0
configure:2411: checking target system type
configure:2424: result: x86_64-apple-darwin17.3.0
configure:2478: checking for a BSD-compatible install
configure:2546: result: /usr/bin/install -c
configure:2557: checking whether ln works
configure:2579: result: yes
configure:2583: checking whether ln -s works
configure:2587: result: yes
configure:2594: checking for a sed that does not truncate output
configure:2658: result: /usr/bin/sed
configure:2667: checking for gawk
configure:2697: result: no
configure:2667: checking for mawk
configure:2697: result: no
configure:2667: checking for nawk
configure:2697: result: no
configure:2667: checking for awk
configure:2683: found /usr/bin/awk
configure:2694: result: awk
configure:3936: checking for gcc
configure:3952: found /usr/bin/gcc
configure:3963: result: gcc
configure:4192: checking for C compiler version
configure:4201: gcc --version >&5
Apple LLVM version 9.0.0 (clang-900.0.39.2)
Target: x86_64-apple-darwin17.3.0
Thread model: posix
InstalledDir: /Applications/Xcode.app/Contents/Developer/Toolchains/XcodeDefault.xctoolchain/usr/bin
Configured with: --prefix=/Applications/Xcode.app/Contents/Developer/usr --with-gxx-include-dir=/Applications/Xcode.app/Contents/Developer/Platforms/MacOSX.platform/Developer/SDKs/MacOSX10.13.sdk/usr/include/c++/4.2.1
configure:4212: $? = 0
configure:4201: gcc -v >&5
Configured with: --prefix=/Applications/Xcode.app/Contents/Developer/usr --with-gxx-include-dir=/Applications/Xcode.app/Contents/Developer/Platforms/MacOSX.platform/Developer/SDKs/MacOSX10.13.sdk/usr/include/c++/4.2.1
Apple LLVM version 9.0.0 (clang-900.0.39.2)
Target: x86_64-apple-darwin17.3.0
Thread model: posix
InstalledDir: /Applications/Xcode.app/Contents/Developer/Toolchains/XcodeDefault.xctoolchain/usr/bin
configure:4212: $? = 0
configure:4201: gcc -V >&5
clang: error: argument to '-V' is missing (expected 1 value)
clang: error: no input files
configure:4212: $? = 1
configure:4201: gcc -qversion >&5
clang: error: unknown argument: '-qversion'
clang: error: no input files
configure:4212: $? = 1
configure:4232: checking for C compiler default output file name
configure:4254: gcc    conftest.c  >&5
configure:4258: $? = 0
configure:4295: result: a.out
configure:4311: checking whether the C compiler works
configure:4320: ./a.out
configure:4324: $? = 0
configure:4339: result: yes
configure:4346: checking whether we are cross compiling
configure:4348: result: no
configure:4351: checking for suffix of executables
configure:4358: gcc -o conftest    conftest.c  >&5
configure:4362: $? = 0
configure:4384: result: 
configure:4390: checking for suffix of object files
configure:4412: gcc -c   conftest.c >&5
configure:4416: $? = 0
configure:4437: result: o
configure:4441: checking whether we are using the GNU C compiler
configure:4460: gcc -c   conftest.c >&5
configure:4460: $? = 0
configure:4469: result: yes
configure:4478: checking whether gcc accepts -g
configure:4498: gcc -c -g  conftest.c >&5
configure:4498: $? = 0
configure:4539: result: yes
configure:4556: checking for gcc option to accept ISO C89
configure:4620: gcc  -c -g -O2  conftest.c >&5
configure:4620: $? = 0
configure:4633: result: none needed
configure:4711: checking for g++
configure:4727: found /usr/bin/g++
configure:4738: result: g++
configure:4765: checking for C++ compiler version
configure:4774: g++ --version >&5
Apple LLVM version 9.0.0 (clang-900.0.39.2)
Target: x86_64-apple-darwin17.3.0
Thread model: posix
InstalledDir: /Applications/Xcode.app/Contents/Developer/Toolchains/XcodeDefault.xctoolchain/usr/bin
Configured with: --prefix=/Applications/Xcode.app/Contents/Developer/usr --with-gxx-include-dir=/Applications/Xcode.app/Contents/Developer/Platforms/MacOSX.platform/Developer/SDKs/MacOSX10.13.sdk/usr/include/c++/4.2.1
configure:4785: $? = 0
configure:4774: g++ -v >&5
Configured with: --prefix=/Applications/Xcode.app/Contents/Developer/usr --with-gxx-include-dir=/Applications/Xcode.app/Contents/Developer/Platforms/MacOSX.platform/Developer/SDKs/MacOSX10.13.sdk/usr/include/c++/4.2.1
Apple LLVM version 9.0.0 (clang-900.0.39.2)
Target: x86_64-apple-darwin17.3.0
Thread model: posix
InstalledDir: /Applications/Xcode.app/Contents/Developer/Toolchains/XcodeDefault.xctoolchain/usr/bin
configure:4785: $? = 0
configure:4774: g++ -V >&5
clang: error: argument to '-V' is missing (expected 1 value)
clang: error: no input files
configure:4785: $? = 1
configure:4774: g++ -qversion >&5
clang: error: unknown argument: '-qversion'
clang: error: no input files
configure:4785: $? = 1
configure:4789: checking whether we are using the GNU C++ compiler
configure:4808: g++ -c   conftest.cpp >&5
configure:4808: $? = 0
configure:4817: result: yes
configure:4826: checking whether g++ accepts -g
configure:4846: g++ -c -g  conftest.cpp >&5
configure:4846: $? = 0
configure:4887: result: yes
configure:4936: checking whether g++ accepts -static-libstdc++ -static-libgcc
configure:4953: g++ -o conftest -g -O2   -static-libstdc++ -static-libgcc conftest.cpp  >&5
clang: error: unsupported option '-static-libgcc'
configure:4953: $? = 1
configure: failed program was:
| /* confdefs.h */
| #define PACKAGE_NAME ""
| #define PACKAGE_TARNAME ""
| #define PACKAGE_VERSION ""
| #define PACKAGE_STRING ""
| #define PACKAGE_BUGREPORT ""
| #define PACKAGE_URL ""
| /* end confdefs.h.  */
| 
| #if (__GNUC__ < 4) || (__GNUC__ == 4 && __GNUC_MINOR__ < 5)
| #error -static-libstdc++ not implemented
| #endif
| int main() {}
configure:4957: result: no
configure:5018: checking for gnatbind
configure:5048: result: no
configure:5110: checking for gnatmake
configure:5140: result: no
configure:5159: checking whether compiler driver understands Ada
configure:5182: result: no
configure:5191: checking how to compare bootstrapped objects
configure:5216: result: cmp --ignore-initial=16 $$f1 $$f2
configure:5270: checking for objdir
configure:5285: result: .libs
configure:5857: checking for version 0.10 of ISL
configure:5876: gcc -o conftest -g -O2      conftest.c  -lisl >&5
conftest.c:10:10: fatal error: 'isl/version.h' file not found
#include <isl/version.h>
         ^~~~~~~~~~~~~~~
1 error generated.
configure:5876: $? = 1
configure: program exited with status 1
configure: failed program was:
| /* confdefs.h */
| #define PACKAGE_NAME ""
| #define PACKAGE_TARNAME ""
| #define PACKAGE_VERSION ""
| #define PACKAGE_STRING ""
| #define PACKAGE_BUGREPORT ""
| #define PACKAGE_URL ""
| #define LT_OBJDIR ".libs/"
| /* end confdefs.h.  */
| #include <isl/version.h>
|    #include <string.h>
| int
| main ()
| {
| if (strncmp (isl_version (), "isl-0.10", strlen ("isl-0.10")) != 0)
|      return 1;
| 
|   ;
|   return 0;
| }
configure:5885: result: no
configure:5905: checking for version 0.11 of ISL
configure:5924: gcc -o conftest -g -O2      conftest.c  -lisl >&5
conftest.c:10:10: fatal error: 'isl/version.h' file not found
#include <isl/version.h>
         ^~~~~~~~~~~~~~~
1 error generated.
configure:5924: $? = 1
configure: program exited with status 1
configure: failed program was:
| /* confdefs.h */
| #define PACKAGE_NAME ""
| #define PACKAGE_TARNAME ""
| #define PACKAGE_VERSION ""
| #define PACKAGE_STRING ""
| #define PACKAGE_BUGREPORT ""
| #define PACKAGE_URL ""
| #define LT_OBJDIR ".libs/"
| /* end confdefs.h.  */
| #include <isl/version.h>
|    #include <string.h>
| int
| main ()
| {
| if (strncmp (isl_version (), "isl-0.11", strlen ("isl-0.11")) != 0)
|      return 1;
| 
|   ;
|   return 0;
| }
configure:5933: result: no
configure:7090: checking for default BUILD_CONFIG
configure:7122: result: 
configure:7611: checking for bison
configure:7627: found /usr/bin/bison
configure:7638: result: bison -y
configure:7658: checking for bison
configure:7674: found /usr/bin/bison
configure:7685: result: bison
configure:7705: checking for gm4
configure:7721: found /usr/bin/gm4
configure:7732: result: gm4
configure:7752: checking for flex
configure:7768: found /usr/bin/flex
configure:7779: result: flex
configure:7800: checking for flex
configure:7816: found /usr/bin/flex
configure:7827: result: flex
configure:7847: checking for makeinfo
configure:7863: found /usr/bin/makeinfo
configure:7874: result: makeinfo
configure:7908: checking for expect
configure:7924: found /usr/bin/expect
configure:7935: result: expect
configure:7957: checking for runtest
configure:7987: result: no
configure:8102: checking for ar
configure:8118: found /usr/bin/ar
configure:8129: result: ar
configure:8243: checking for as
configure:8259: found /usr/bin/as
configure:8270: result: as
configure:8384: checking for dlltool
configure:8414: result: no
configure:8444: checking for ld
configure:8471: result: /Applications/Xcode.app/Contents/Developer/Toolchains/XcodeDefault.xctoolchain/usr/bin/ld
configure:8666: checking for lipo
configure:8682: found /usr/bin/lipo
configure:8693: result: lipo
configure:8807: checking for nm
configure:8823: found /usr/bin/nm
configure:8834: result: nm
configure:8948: checking for ranlib
configure:8964: found /usr/bin/ranlib
configure:8975: result: ranlib
configure:9084: checking for strip
configure:9100: found /usr/bin/strip
configure:9111: result: strip
configure:9220: checking for windres
configure:9250: result: no
configure:9361: checking for windmc
configure:9391: result: no
configure:9502: checking for objcopy
configure:9532: result: no
configure:9643: checking for objdump
configure:9659: found /usr/bin/objdump
configure:9670: result: objdump
configure:9784: checking for readelf
configure:9814: result: no
configure:9964: checking for cc
configure:9980: found /usr/bin/cc
configure:9991: result: cc
configure:10125: checking for c++
configure:10141: found /usr/bin/c++
configure:10152: result: c++
configure:10286: checking for gcc
configure:10302: found /usr/bin/gcc
configure:10313: result: gcc
configure:10442: checking for gcj
configure:10472: result: no
configure:10603: checking for gfortran
configure:10633: result: no
configure:10764: checking for gccgo
configure:10794: result: no
configure:11005: checking for ar
configure:11021: found /usr/bin/ar
configure:11032: result: ar
configure:11235: checking for as
configure:11251: found /usr/bin/as
configure:11262: result: as
configure:11465: checking for dlltool
configure:11495: result: no
configure:11695: checking for ld
configure:11711: found /usr/bin/ld
configure:11722: result: ld
configure:11925: checking for lipo
configure:11941: found /usr/bin/lipo
configure:11952: result: lipo
configure:12155: checking for nm
configure:12171: found /usr/bin/nm
configure:12182: result: nm
configure:12385: checking for objdump
configure:12401: found /usr/bin/objdump
configure:12412: result: objdump
configure:12615: checking for ranlib
configure:12631: found /usr/bin/ranlib
configure:12642: result: ranlib
configure:12845: checking for readelf
configure:12875: result: no
configure:13075: checking for strip
configure:13091: found /usr/bin/strip
configure:13102: result: strip
configure:13305: checking for windres
configure:13335: result: no
configure:13535: checking for windmc
configure:13565: result: no
configure:13593: checking where to find the target ar
configure:13626: result: host tool
configure:13635: checking where to find the target as
configure:13668: result: host tool
configure:13677: checking where to find the target cc
configure:13710: result: host tool
configure:13719: checking where to find the target c++
configure:13755: result: host tool
configure:13764: checking where to find the target c++ for libstdc++
configure:13800: result: host tool
configure:13809: checking where to find the target dlltool
configure:13842: result: host tool
configure:13851: checking where to find the target gcc
configure:13884: result: host tool
configure:13893: checking where to find the target gcj
configure:13929: result: host tool
configure:13938: checking where to find the target gfortran
configure:13974: result: host tool
configure:13983: checking where to find the target gccgo
configure:14019: result: host tool
configure:14028: checking where to find the target ld
configure:14061: result: host tool
configure:14070: checking where to find the target lipo
configure:14092: result: host tool
configure:14101: checking where to find the target nm
configure:14134: result: host tool
configure:14143: checking where to find the target objdump
configure:14176: result: host tool
configure:14185: checking where to find the target ranlib
configure:14218: result: host tool
configure:14227: checking where to find the target readelf
configure:14260: result: host tool
configure:14269: checking where to find the target strip
configure:14302: result: host tool
configure:14311: checking where to find the target windres
configure:14344: result: host tool
configure:14353: checking where to find the target windmc
configure:14386: result: host tool
configure:14423: checking whether to enable maintainer-specific portions of Makefiles
configure:14432: result: no
configure:14643: creating ./config.status

## ---------------------- ##
## Running config.status. ##
## ---------------------- ##

This file was extended by config.status, which was
generated by GNU Autoconf 2.64.  Invocation command line was

  CONFIG_FILES    = 
  CONFIG_HEADERS  = 
  CONFIG_LINKS    = 
  CONFIG_COMMANDS = 
  $ ./config.status 

on bogon

config.status:929: creating Makefile

## ---------------- ##
## Cache variables. ##
## ---------------- ##

ac_cv_build=x86_64-apple-darwin17.3.0
ac_cv_c_compiler_gnu=yes
ac_cv_cxx_compiler_gnu=yes
ac_cv_env_AR_FOR_TARGET_set=
ac_cv_env_AR_FOR_TARGET_value=
ac_cv_env_AR_set=
ac_cv_env_AR_value=
ac_cv_env_AS_FOR_TARGET_set=
ac_cv_env_AS_FOR_TARGET_value=
ac_cv_env_AS_set=
ac_cv_env_AS_value=
ac_cv_env_CCC_set=
ac_cv_env_CCC_value=
ac_cv_env_CC_FOR_TARGET_set=
ac_cv_env_CC_FOR_TARGET_value=
ac_cv_env_CC_set=
ac_cv_env_CC_value=
ac_cv_env_CFLAGS_set=
ac_cv_env_CFLAGS_value=
ac_cv_env_CPPFLAGS_set=
ac_cv_env_CPPFLAGS_value=
ac_cv_env_CXXFLAGS_set=
ac_cv_env_CXXFLAGS_value=
ac_cv_env_CXX_FOR_TARGET_set=
ac_cv_env_CXX_FOR_TARGET_value=
ac_cv_env_CXX_set=
ac_cv_env_CXX_value=
ac_cv_env_DLLTOOL_FOR_TARGET_set=
ac_cv_env_DLLTOOL_FOR_TARGET_value=
ac_cv_env_DLLTOOL_set=
ac_cv_env_DLLTOOL_value=
ac_cv_env_GCC_FOR_TARGET_set=
ac_cv_env_GCC_FOR_TARGET_value=
ac_cv_env_GCJ_FOR_TARGET_set=
ac_cv_env_GCJ_FOR_TARGET_value=
ac_cv_env_GFORTRAN_FOR_TARGET_set=
ac_cv_env_GFORTRAN_FOR_TARGET_value=
ac_cv_env_GOC_FOR_TARGET_set=
ac_cv_env_GOC_FOR_TARGET_value=
ac_cv_env_LDFLAGS_set=
ac_cv_env_LDFLAGS_value=
ac_cv_env_LD_FOR_TARGET_set=
ac_cv_env_LD_FOR_TARGET_value=
ac_cv_env_LD_set=
ac_cv_env_LD_value=
ac_cv_env_LIBS_set=
ac_cv_env_LIBS_value=
ac_cv_env_LIPO_FOR_TARGET_set=
ac_cv_env_LIPO_FOR_TARGET_value=
ac_cv_env_LIPO_set=
ac_cv_env_LIPO_value=
ac_cv_env_NM_FOR_TARGET_set=
ac_cv_env_NM_FOR_TARGET_value=
ac_cv_env_NM_set=
ac_cv_env_NM_value=
ac_cv_env_OBJCOPY_set=
ac_cv_env_OBJCOPY_value=
ac_cv_env_OBJDUMP_FOR_TARGET_set=
ac_cv_env_OBJDUMP_FOR_TARGET_value=
ac_cv_env_OBJDUMP_set=
ac_cv_env_OBJDUMP_value=
ac_cv_env_RANLIB_FOR_TARGET_set=
ac_cv_env_RANLIB_FOR_TARGET_value=
ac_cv_env_RANLIB_set=
ac_cv_env_RANLIB_value=
ac_cv_env_READELF_FOR_TARGET_set=
ac_cv_env_READELF_FOR_TARGET_value=
ac_cv_env_READELF_set=
ac_cv_env_READELF_value=
ac_cv_env_STRIP_FOR_TARGET_set=
ac_cv_env_STRIP_FOR_TARGET_value=
ac_cv_env_STRIP_set=
ac_cv_env_STRIP_value=
ac_cv_env_WINDMC_FOR_TARGET_set=
ac_cv_env_WINDMC_FOR_TARGET_value=
ac_cv_env_WINDMC_set=
ac_cv_env_WINDMC_value=
ac_cv_env_WINDRES_FOR_TARGET_set=
ac_cv_env_WINDRES_FOR_TARGET_value=
ac_cv_env_WINDRES_set=
ac_cv_env_WINDRES_value=
ac_cv_env_build_alias_set=
ac_cv_env_build_alias_value=
ac_cv_env_build_configargs_set=
ac_cv_env_build_configargs_value=
ac_cv_env_host_alias_set=
ac_cv_env_host_alias_value=
ac_cv_env_host_configargs_set=
ac_cv_env_host_configargs_value=
ac_cv_env_target_alias_set=
ac_cv_env_target_alias_value=
ac_cv_env_target_configargs_set=
ac_cv_env_target_configargs_value=
ac_cv_host=x86_64-apple-darwin17.3.0
ac_cv_objext=o
ac_cv_path_SED=/usr/bin/sed
ac_cv_path_install='/usr/bin/install -c'
ac_cv_prog_AR=ar
ac_cv_prog_AR_FOR_TARGET=ar
ac_cv_prog_AS=as
ac_cv_prog_AS_FOR_TARGET=as
ac_cv_prog_AWK=awk
ac_cv_prog_BISON=bison
ac_cv_prog_CC_FOR_TARGET=cc
ac_cv_prog_CXX_FOR_TARGET=c++
ac_cv_prog_EXPECT=expect
ac_cv_prog_FLEX=flex
ac_cv_prog_GCC_FOR_TARGET=gcc
ac_cv_prog_LD=/Applications/Xcode.app/Contents/Developer/Toolchains/XcodeDefault.xctoolchain/usr/bin/ld
ac_cv_prog_LD_FOR_TARGET=ld
ac_cv_prog_LEX=flex
ac_cv_prog_LIPO=lipo
ac_cv_prog_LIPO_FOR_TARGET=lipo
ac_cv_prog_M4=gm4
ac_cv_prog_MAKEINFO=makeinfo
ac_cv_prog_NM=nm
ac_cv_prog_NM_FOR_TARGET=nm
ac_cv_prog_OBJDUMP=objdump
ac_cv_prog_OBJDUMP_FOR_TARGET=objdump
ac_cv_prog_RANLIB=ranlib
ac_cv_prog_RANLIB_FOR_TARGET=ranlib
ac_cv_prog_STRIP=strip
ac_cv_prog_STRIP_FOR_TARGET=strip
ac_cv_prog_YACC='bison -y'
ac_cv_prog_ac_ct_CC=gcc
ac_cv_prog_ac_ct_CXX=g++
ac_cv_prog_cc_c89=
ac_cv_prog_cc_g=yes
ac_cv_prog_cxx_g=yes
ac_cv_target=x86_64-apple-darwin17.3.0
acx_cv_cc_gcc_supports_ada=no
acx_cv_prog_LN=ln
gcc_cv_isl=no
gcc_cv_prog_cmp_skip='cmp --ignore-initial=16 $$f1 $$f2'
gcc_cv_tool_dirs=
gcc_cv_tool_prefix=/usr/local
lt_cv_objdir=.libs

## ----------------- ##
## Output variables. ##
## ----------------- ##

AR='ar'
AR_FOR_BUILD='$(AR)'
AR_FOR_TARGET='$(AR)'
AS='as'
AS_FOR_BUILD='$(AS)'
AS_FOR_TARGET='$(AS)'
AWK='awk'
BISON='bison'
BUILD_CONFIG=''
CC='gcc'
CC_FOR_BUILD='$(CC)'
CC_FOR_TARGET='$(CC)'
CFLAGS='-g -O2'
CFLAGS_FOR_BUILD='-g -O2'
CFLAGS_FOR_TARGET='-g -O2'
COMPILER_AS_FOR_TARGET='$(AS_FOR_TARGET)'
COMPILER_LD_FOR_TARGET='$(LD_FOR_TARGET)'
COMPILER_NM_FOR_TARGET='$(NM_FOR_TARGET)'
CONFIGURE_GDB_TK=''
CPPFLAGS=''
CXX='g++'
CXXFLAGS='-g -O2'
CXXFLAGS_FOR_BUILD='-g -O2'
CXXFLAGS_FOR_TARGET='-g -O2'
CXX_FOR_BUILD='$(CXX)'
CXX_FOR_TARGET='$(CXX)'
DEBUG_PREFIX_CFLAGS_FOR_TARGET=''
DEFS='-DPACKAGE_NAME=\"\" -DPACKAGE_TARNAME=\"\" -DPACKAGE_VERSION=\"\" -DPACKAGE_STRING=\"\" -DPACKAGE_BUGREPORT=\"\" -DPACKAGE_URL=\"\" -DLT_OBJDIR=\".libs/\"'
DLLTOOL='dlltool'
DLLTOOL_FOR_BUILD='$(DLLTOOL)'
DLLTOOL_FOR_TARGET='$(DLLTOOL)'
ECHO_C='\c'
ECHO_N=''
ECHO_T=''
EXEEXT=''
EXPECT='expect'
EXTRA_CONFIGARGS_LIBJAVA='--disable-static'
FLAGS_FOR_TARGET=''
FLEX='flex'
GCC_FOR_TARGET='$()'
GCC_SHLIB_SUBDIR=''
GCJ_FOR_BUILD='$(GCJ)'
GCJ_FOR_TARGET='$(GCJ)'
GDB_TK=''
GFORTRAN_FOR_BUILD='$(GFORTRAN)'
GFORTRAN_FOR_TARGET='$(GFORTRAN)'
GNATBIND='no'
GNATMAKE='no'
GOC_FOR_BUILD='$(GOC)'
GOC_FOR_TARGET='$(GOC)'
INSTALL_DATA='${INSTALL} -m 644'
INSTALL_GDB_TK=''
INSTALL_PROGRAM='${INSTALL}'
INSTALL_SCRIPT='${INSTALL}'
LD='/Applications/Xcode.app/Contents/Developer/Toolchains/XcodeDefault.xctoolchain/usr/bin/ld'
LDFLAGS=''
LDFLAGS_FOR_BUILD=''
LDFLAGS_FOR_TARGET=''
LD_FOR_BUILD='$(LD)'
LD_FOR_TARGET='$(LD)'
LEX='flex'
LIBOBJS=''
LIBS=''
LIPO='lipo'
LIPO_FOR_TARGET='$(LIPO)'
LN='ln'
LN_S='ln -s'
LTLIBOBJS=''
M4='gm4'
MAINT='#'
MAINTAINER_MODE_FALSE=''
MAINTAINER_MODE_TRUE='#'
MAKEINFO='makeinfo'
NM='nm'
NM_FOR_BUILD='$(NM)'
NM_FOR_TARGET='$(NM)'
OBJCOPY='objcopy'
OBJDUMP='objdump'
OBJDUMP_FOR_TARGET='$(OBJDUMP)'
OBJEXT='o'
PACKAGE_BUGREPORT=''
PACKAGE_NAME=''
PACKAGE_STRING=''
PACKAGE_TARNAME=''
PACKAGE_URL=''
PACKAGE_VERSION=''
PATH_SEPARATOR=':'
RANLIB='ranlib'
RANLIB_FOR_BUILD='$(RANLIB)'
RANLIB_FOR_TARGET='$(RANLIB)'
RAW_CXX_FOR_TARGET='$(CXX)'
READELF='readelf'
READELF_FOR_TARGET='$(READELF)'
RPATH_ENVVAR='DYLD_LIBRARY_PATH'
RUNTEST='runtest'
SED='/usr/bin/sed'
SHELL='/bin/sh'
STRIP='strip'
STRIP_FOR_TARGET='$(STRIP)'
SYSROOT_CFLAGS_FOR_TARGET=''
TOPLEVEL_CONFIGURE_ARGUMENTS='../configure'
WINDMC='windmc'
WINDMC_FOR_BUILD='$(WINDMC)'
WINDMC_FOR_TARGET='$(WINDMC)'
WINDRES='windres'
WINDRES_FOR_BUILD='$(WINDRES)'
WINDRES_FOR_TARGET='$(WINDRES)'
YACC='bison -y'
ac_ct_CC='gcc'
ac_ct_CXX='g++'
bindir='${exec_prefix}/bin'
build='x86_64-apple-darwin17.3.0'
build_alias=''
build_configargs=' --cache-file=../config.cache  --program-transform-name='\''s,y,y,'\'' --disable-option-checking'
build_configdirs=' libiberty'
build_cpu='x86_64'
build_libsubdir='build-x86_64-apple-darwin17.3.0'
build_noncanonical='x86_64-apple-darwin17.3.0'
build_os='darwin17.3.0'
build_subdir='build-x86_64-apple-darwin17.3.0'
build_tooldir='${exec_prefix}/x86_64-apple-darwin17.3.0'
build_vendor='apple'
clooginc=''
clooglibs=''
compare_exclusions='gcc/cc*-checksum$(objext) | gcc/ada/*tools/*'
configdirs=' intl libiberty opcodes bfd readline libdecnumber gdb etc'
datadir='${datarootdir}'
datarootdir='${prefix}/share'
do_compare='cmp --ignore-initial=16 $$f1 $$f2'
docdir='${datarootdir}/doc/${PACKAGE}'
dvidir='${docdir}'
exec_prefix='${prefix}'
extra_host_libiberty_configure_flags=''
extra_isl_gmp_configure_flags=''
extra_mpc_gmp_configure_flags=''
extra_mpc_mpfr_configure_flags=''
extra_mpfr_configure_flags=''
gmpinc=''
gmplibs='-lmpc -lmpfr -lgmp'
host='x86_64-apple-darwin17.3.0'
host_alias=''
host_configargs=' --cache-file=./config.cache  --with-system-zlib  --program-transform-name='\''s,y,y,'\'' --disable-option-checking'
host_cpu='x86_64'
host_noncanonical='x86_64-apple-darwin17.3.0'
host_os='darwin17.3.0'
host_subdir='.'
host_vendor='apple'
htmldir='${docdir}'
includedir='${prefix}/include'
infodir='${datarootdir}/info'
islinc=''
libdir='${exec_prefix}/lib'
libexecdir='${exec_prefix}/libexec'
localedir='${datarootdir}/locale'
localstatedir='${prefix}/var'
mandir='${datarootdir}/man'
oldincludedir='/usr/include'
pdfdir='${docdir}'
poststage1_ldflags='-static-libstdc++ -static-libgcc'
poststage1_libs=''
prefix='/usr/local'
program_transform_name='s,y,y,'
psdir='${docdir}'
sbindir='${exec_prefix}/sbin'
sharedstatedir='${prefix}/com'
stage1_cflags='-g'
stage1_checking='--enable-checking=yes,types'
stage1_languages=',c,'
stage1_ldflags=''
stage1_libs=''
stage2_werror_flag=''
sysconfdir='${prefix}/etc'
target='x86_64-apple-darwin17.3.0'
target_alias=''
target_configargs='--cache-file=./config.cache --enable-multilib   --program-transform-name='\''s,y,y,'\'' --disable-option-checking'
target_configdirs=''
target_cpu='x86_64'
target_noncanonical='x86_64-apple-darwin17.3.0'
target_os='darwin17.3.0'
target_subdir='x86_64-apple-darwin17.3.0'
target_vendor='apple'
tooldir='${exec_prefix}/x86_64-apple-darwin17.3.0'

## ------------------- ##
## File substitutions. ##
## ------------------- ##

alphaieee_frag='/dev/null'
host_makefile_frag='../config/mh-darwin'
ospace_frag='/dev/null'
serialization_dependencies='serdep.tmp'
target_makefile_frag='/dev/null'

## ----------- ##
## confdefs.h. ##
## ----------- ##

/* confdefs.h */
#define PACKAGE_NAME ""
#define PACKAGE_TARNAME ""
#define PACKAGE_VERSION ""
#define PACKAGE_STRING ""
#define PACKAGE_BUGREPORT ""
#define PACKAGE_URL ""
#define LT_OBJDIR ".libs/"

configure: exit 0
